<?xml version="1.0" encoding="UTF-8"?>
<testng-results ignored="0" total="2" passed="2" failed="0" skipped="0">
  <reporter-output>
  </reporter-output>
  <suite started-at="2024-02-26T10:27:31Z" name="Gmail Test suite" finished-at="2024-02-26T10:27:31Z" duration-ms="480">
    <groups>
    </groups>
    <test started-at="2024-02-26T10:27:31Z" name="Send Mail TestCase" finished-at="2024-02-26T10:27:31Z" duration-ms="148">
      <class name="testcases.sendmailtest">
        <test-method is-config="true" signature="GmailLogin()[pri:0, instance:testcases.sendmailtest@79efed2d]" started-at="2024-02-26T10:27:31Z" name="GmailLogin" finished-at="2024-02-26T10:27:31Z" duration-ms="2" status="PASS">
          <reporter-output>
          </reporter-output>
        </test-method> <!-- GmailLogin -->
        <test-method signature="sendmail(java.lang.String)[pri:0, instance:testcases.sendmailtest@79efed2d]" started-at="2024-02-26T10:27:31Z" name="sendmail" finished-at="2024-02-26T10:27:31Z" duration-ms="19" status="PASS">
          <params>
            <param index="0">
              <value>
                <![CDATA[simhadrismd@gmail.com]]>
              </value>
            </param>
          </params>
          <reporter-output>
          </reporter-output>
        </test-method> <!-- sendmail -->
        <test-method is-config="true" signature="Gmaillogout()[pri:0, instance:testcases.sendmailtest@79efed2d]" started-at="2024-02-26T10:27:31Z" name="Gmaillogout" finished-at="2024-02-26T10:27:31Z" duration-ms="51" status="PASS">
          <reporter-output>
          </reporter-output>
        </test-method> <!-- Gmaillogout -->
      </class> <!-- testcases.sendmailtest -->
    </test> <!-- Send Mail TestCase -->
    <test started-at="2024-02-26T10:27:31Z" name="Receive Mail Test" finished-at="2024-02-26T10:27:31Z" duration-ms="37">
      <class name="testcases.Receivemailtest">
        <test-method is-config="true" signature="LunchApp()[pri:0, instance:testcases.Receivemailtest@7c469c48]" started-at="2024-02-26T10:27:31Z" name="LunchApp" finished-at="2024-02-26T10:27:31Z" duration-ms="32" status="PASS">
          <reporter-output>
          </reporter-output>
        </test-method> <!-- LunchApp -->
        <test-method is-config="true" signature="GmailLogin()[pri:0, instance:testcases.Receivemailtest@7c469c48]" started-at="2024-02-26T10:27:31Z" name="GmailLogin" finished-at="2024-02-26T10:27:31Z" duration-ms="2" status="PASS">
          <reporter-output>
          </reporter-output>
        </test-method> <!-- GmailLogin -->
        <test-method signature="receivemail()[pri:0, instance:testcases.Receivemailtest@7c469c48]" started-at="2024-02-26T10:27:31Z" name="receivemail" finished-at="2024-02-26T10:27:31Z" duration-ms="8" status="PASS">
          <reporter-output>
          </reporter-output>
        </test-method> <!-- receivemail -->
        <test-method is-config="true" signature="Gmaillogout()[pri:0, instance:testcases.Receivemailtest@7c469c48]" started-at="2024-02-26T10:27:31Z" name="Gmaillogout" finished-at="2024-02-26T10:27:31Z" duration-ms="17" status="PASS">
          <reporter-output>
          </reporter-output>
        </test-method> <!-- Gmaillogout -->
        <test-method is-config="true" signature="CloseApp()[pri:0, instance:testcases.Receivemailtest@7c469c48]" started-at="2024-02-26T10:27:31Z" name="CloseApp" finished-at="2024-02-26T10:27:31Z" duration-ms="10" status="PASS">
          <reporter-output>
          </reporter-output>
        </test-method> <!-- CloseApp -->
      </class> <!-- testcases.Receivemailtest -->
    </test> <!-- Receive Mail Test -->
  </suite> <!-- Gmail Test suite -->
</testng-results>
